# JRE version: Java(TM) SE Runtime Environment (8.0_101-b13) (build 1.8.0_101-b13)
# Java VM: Java HotSpot(TM) 64-Bit Server VM (25.101-b13 mixed mode windows-amd64 compressed oops)
Heap:
 PSYoungGen      total 269824K, used 16904K [0x00000000eb380000, 0x0000000100000000, 0x0000000100000000)
  eden space 244736K, 6% used [0x00000000eb380000,0x00000000ec402270,0x00000000fa280000)
  from space 25088K, 0% used [0x00000000fa280000,0x00000000fa280000,0x00000000fbb00000)
  to   space 24576K, 0% used [0x00000000fe800000,0x00000000fe800000,0x0000000100000000)
 ParOldGen       total 117248K, used 60817K [0x00000000c1a00000, 0x00000000c8c80000, 0x00000000eb380000)
  object space 117248K, 51% used [0x00000000c1a00000,0x00000000c55646a8,0x00000000c8c80000)
 Metaspace       used 59103K, capacity 59890K, committed 60312K, reserved 1101824K
  class space    used 7505K, capacity 7720K, committed 7728K, reserved 1048576K
GC Heap History (10 events):
Event: 39.547 GC heap before
{Heap before GC invocations=12 (full 1):
 PSYoungGen      total 195072K, used 188017K [0x00000000eb380000, 0x00000000f9900000, 0x0000000100000000)
  eden space 179712K, 96% used [0x00000000eb380000,0x00000000f5c21830,0x00000000f6300000)
  from space 15360K, 99% used [0x00000000f8a00000,0x00000000f98facb8,0x00000000f9900000)
  to   space 19968K, 0% used [0x00000000f7200000,0x00000000f7200000,0x00000000f8580000)
 ParOldGen       total 49152K, used 28232K [0x00000000c1a00000, 0x00000000c4a00000, 0x00000000eb380000)
  object space 49152K, 57% used [0x00000000c1a00000,0x00000000c3592378,0x00000000c4a00000)
 Metaspace       used 34653K, capacity 35248K, committed 35496K, reserved 1081344K
  class space    used 4197K, capacity 4354K, committed 4400K, reserved 1048576K
Event: 39.603 GC heap after
Heap after GC invocations=12 (full 1):
 PSYoungGen      total 215040K, used 18143K [0x00000000eb380000, 0x00000000fd100000, 0x0000000100000000)
  eden space 195072K, 0% used [0x00000000eb380000,0x00000000eb380000,0x00000000f7200000)
  from space 19968K, 90% used [0x00000000f7200000,0x00000000f83b7d68,0x00000000f8580000)
  to   space 22528K, 0% used [0x00000000fbb00000,0x00000000fbb00000,0x00000000fd100000)
 ParOldGen       total 49152K, used 42594K [0x00000000c1a00000, 0x00000000c4a00000, 0x00000000eb380000)
  object space 49152K, 86% used [0x00000000c1a00000,0x00000000c4398ba0,0x00000000c4a00000)
 Metaspace       used 34653K, capacity 35248K, committed 35496K, reserved 1081344K
  class space    used 4197K, capacity 4354K, committed 4400K, reserved 1048576K
}
Event: 39.603 GC heap before
{Heap before GC invocations=13 (full 2):
 PSYoungGen      total 215040K, used 18143K [0x00000000eb380000, 0x00000000fd100000, 0x0000000100000000)
  eden space 195072K, 0% used [0x00000000eb380000,0x00000000eb380000,0x00000000f7200000)
  from space 19968K, 90% used [0x00000000f7200000,0x00000000f83b7d68,0x00000000f8580000)
  to   space 22528K, 0% used [0x00000000fbb00000,0x00000000fbb00000,0x00000000fd100000)
 ParOldGen       total 49152K, used 42594K [0x00000000c1a00000, 0x00000000c4a00000, 0x00000000eb380000)
  object space 49152K, 86% used [0x00000000c1a00000,0x00000000c4398ba0,0x00000000c4a00000)
 Metaspace       used 34653K, capacity 35248K, committed 35496K, reserved 1081344K
  class space    used 4197K, capacity 4354K, committed 4400K, reserved 1048576K
Event: 40.045 GC heap after
Heap after GC invocations=13 (full 2):
 PSYoungGen      total 215040K, used 0K [0x00000000eb380000, 0x00000000fd100000, 0x0000000100000000)
  eden space 195072K, 0% used [0x00000000eb380000,0x00000000eb380000,0x00000000f7200000)
  from space 19968K, 0% used [0x00000000f7200000,0x00000000f7200000,0x00000000f8580000)
  to   space 22528K, 0% used [0x00000000fbb00000,0x00000000fbb00000,0x00000000fd100000)
 ParOldGen       total 91648K, used 48020K [0x00000000c1a00000, 0x00000000c7380000, 0x00000000eb380000)
  object space 91648K, 52% used [0x00000000c1a00000,0x00000000c48e53d0,0x00000000c7380000)
 Metaspace       used 34653K, capacity 35248K, committed 35496K, reserved 1081344K
  class space    used 4197K, capacity 4354K, committed 4400K, reserved 1048576K
}
Event: 46.988 GC heap before
{Heap before GC invocations=14 (full 2):
 PSYoungGen      total 215040K, used 195072K [0x00000000eb380000, 0x00000000fd100000, 0x0000000100000000)
  eden space 195072K, 100% used [0x00000000eb380000,0x00000000f7200000,0x00000000f7200000)
  from space 19968K, 0% used [0x00000000f7200000,0x00000000f7200000,0x00000000f8580000)
  to   space 22528K, 0% used [0x00000000fbb00000,0x00000000fbb00000,0x00000000fd100000)
 ParOldGen       total 91648K, used 48020K [0x00000000c1a00000, 0x00000000c7380000, 0x00000000eb380000)
  object space 91648K, 52% used [0x00000000c1a00000,0x00000000c48e53d0,0x00000000c7380000)
 Metaspace       used 46115K, capacity 46830K, committed 47152K, reserved 1091584K
  class space    used 5680K, capacity 5890K, committed 5936K, reserved 1048576K
Event: 47.379 GC heap after
Heap after GC invocations=14 (full 2):
 PSYoungGen      total 267264K, used 20573K [0x00000000eb380000, 0x00000000fe800000, 0x0000000100000000)
  eden space 244736K, 0% used [0x00000000eb380000,0x00000000eb380000,0x00000000fa280000)
  from space 22528K, 91% used [0x00000000fbb00000,0x00000000fcf17680,0x00000000fd100000)
  to   space 25088K, 0% used [0x00000000fa280000,0x00000000fa280000,0x00000000fbb00000)
 ParOldGen       total 91648K, used 48028K [0x00000000c1a00000, 0x00000000c7380000, 0x00000000eb380000)
  object space 91648K, 52% used [0x00000000c1a00000,0x00000000c48e73d0,0x00000000c7380000)
 Metaspace       used 46115K, capacity 46830K, committed 47152K, reserved 1091584K
  class space    used 5680K, capacity 5890K, committed 5936K, reserved 1048576K
}
Event: 60.126 GC heap before
{Heap before GC invocations=15 (full 2):
 PSYoungGen      total 267264K, used 213958K [0x00000000eb380000, 0x00000000fe800000, 0x0000000100000000)
  eden space 244736K, 79% used [0x00000000eb380000,0x00000000f705a430,0x00000000fa280000)
  from space 22528K, 91% used [0x00000000fbb00000,0x00000000fcf17680,0x00000000fd100000)
  to   space 25088K, 0% used [0x00000000fa280000,0x00000000fa280000,0x00000000fbb00000)
 ParOldGen       total 91648K, used 48028K [0x00000000c1a00000, 0x00000000c7380000, 0x00000000eb380000)
  object space 91648K, 52% used [0x00000000c1a00000,0x00000000c48e73d0,0x00000000c7380000)
 Metaspace       used 58104K, capacity 58924K, committed 59160K, reserved 1101824K
  class space    used 7390K, capacity 7591K, committed 7600K, reserved 1048576K
Event: 60.212 GC heap after
Heap after GC invocations=15 (full 2):
 PSYoungGen      total 269824K, used 13955K [0x00000000eb380000, 0x0000000100000000, 0x0000000100000000)
  eden space 244736K, 0% used [0x00000000eb380000,0x00000000eb380000,0x00000000fa280000)
  from space 25088K, 55% used [0x00000000fa280000,0x00000000fb020db8,0x00000000fbb00000)
  to   space 24576K, 0% used [0x00000000fe800000,0x00000000fe800000,0x0000000100000000)
 ParOldGen       total 91648K, used 59436K [0x00000000c1a00000, 0x00000000c7380000, 0x00000000eb380000)
  object space 91648K, 64% used [0x00000000c1a00000,0x00000000c540b1e8,0x00000000c7380000)
 Metaspace       used 58104K, capacity 58924K, committed 59160K, reserved 1101824K
  class space    used 7390K, capacity 7591K, committed 7600K, reserved 1048576K
}
Event: 60.212 GC heap before
{Heap before GC invocations=16 (full 3):
 PSYoungGen      total 269824K, used 13955K [0x00000000eb380000, 0x0000000100000000, 0x0000000100000000)
  eden space 244736K, 0% used [0x00000000eb380000,0x00000000eb380000,0x00000000fa280000)
  from space 25088K, 55% used [0x00000000fa280000,0x00000000fb020db8,0x00000000fbb00000)
  to   space 24576K, 0% used [0x00000000fe800000,0x00000000fe800000,0x0000000100000000)
 ParOldGen       total 91648K, used 59436K [0x00000000c1a00000, 0x00000000c7380000, 0x00000000eb380000)
  object space 91648K, 64% used [0x00000000c1a00000,0x00000000c540b1e8,0x00000000c7380000)
 Metaspace       used 58104K, capacity 58924K, committed 59160K, reserved 1101824K
  class space    used 7390K, capacity 7591K, committed 7600K, reserved 1048576K
Event: 61.060 GC heap after
Heap after GC invocations=16 (full 3):
 PSYoungGen      total 269824K, used 0K [0x00000000eb380000, 0x0000000100000000, 0x0000000100000000)
  eden space 244736K, 0% used [0x00000000eb380000,0x00000000eb380000,0x00000000fa280000)
  from space 25088K, 0% used [0x00000000fa280000,0x00000000fa280000,0x00000000fbb00000)
  to   space 24576K, 0% used [0x00000000fe800000,0x00000000fe800000,0x0000000100000000)
 ParOldGen       total 117248K, used 60817K [0x00000000c1a00000, 0x00000000c8c80000, 0x00000000eb380000)
  object space 117248K, 51% used [0x00000000c1a00000,0x00000000c55646a8,0x00000000c8c80000)
 Metaspace       used 58104K, capacity 58924K, committed 59160K, reserved 1101824K
  class space    used 7390K, capacity 7591K, committed 7600K, reserved 1048576K
}

