# JRE version: Java(TM) SE Runtime Environment (8.0_101-b13) (build 1.8.0_101-b13)
# Java VM: Java HotSpot(TM) 64-Bit Server VM (25.101-b13 mixed mode windows-amd64 compressed oops)
Heap:
 PSYoungGen      total 259584K, used 127906K [0x00000000eb380000, 0x0000000100000000, 0x0000000100000000)
  eden space 242176K, 52% used [0x00000000eb380000,0x00000000f30689a0,0x00000000fa000000)
  from space 17408K, 0% used [0x00000000fa000000,0x00000000fa000000,0x00000000fb100000)
  to   space 18432K, 0% used [0x00000000fee00000,0x00000000fee00000,0x0000000100000000)
 ParOldGen       total 52224K, used 23563K [0x00000000c1a00000, 0x00000000c4d00000, 0x00000000eb380000)
  object space 52224K, 45% used [0x00000000c1a00000,0x00000000c3102f00,0x00000000c4d00000)
 Metaspace       used 38689K, capacity 39092K, committed 39552K, reserved 1083392K
  class space    used 4825K, capacity 4947K, committed 4992K, reserved 1048576K
GC Heap History (10 events):
Event: 12.389 GC heap before
{Heap before GC invocations=7 (full 1):
 PSYoungGen      total 139776K, used 6209K [0x00000000eb380000, 0x00000000f4480000, 0x0000000100000000)
  eden space 131072K, 0% used [0x00000000eb380000,0x00000000eb380000,0x00000000f3380000)
  from space 8704K, 71% used [0x00000000f3c00000,0x00000000f4210520,0x00000000f4480000)
  to   space 8704K, 0% used [0x00000000f3380000,0x00000000f3380000,0x00000000f3c00000)
 ParOldGen       total 44032K, used 13767K [0x00000000c1a00000, 0x00000000c4500000, 0x00000000eb380000)
  object space 44032K, 31% used [0x00000000c1a00000,0x00000000c2771f18,0x00000000c4500000)
 Metaspace       used 20861K, capacity 21140K, committed 21296K, reserved 1069056K
  class space    used 2563K, capacity 2640K, committed 2688K, reserved 1048576K
Event: 12.591 GC heap after
Heap after GC invocations=7 (full 1):
 PSYoungGen      total 139776K, used 0K [0x00000000eb380000, 0x00000000f4480000, 0x0000000100000000)
  eden space 131072K, 0% used [0x00000000eb380000,0x00000000eb380000,0x00000000f3380000)
  from space 8704K, 0% used [0x00000000f3c00000,0x00000000f3c00000,0x00000000f4480000)
  to   space 8704K, 0% used [0x00000000f3380000,0x00000000f3380000,0x00000000f3c00000)
 ParOldGen       total 36864K, used 12897K [0x00000000c1a00000, 0x00000000c3e00000, 0x00000000eb380000)
  object space 36864K, 34% used [0x00000000c1a00000,0x00000000c26986f0,0x00000000c3e00000)
 Metaspace       used 20861K, capacity 21140K, committed 21296K, reserved 1069056K
  class space    used 2563K, capacity 2640K, committed 2688K, reserved 1048576K
}
Event: 23.606 GC heap before
{Heap before GC invocations=8 (full 1):
 PSYoungGen      total 139776K, used 131072K [0x00000000eb380000, 0x00000000f4480000, 0x0000000100000000)
  eden space 131072K, 100% used [0x00000000eb380000,0x00000000f3380000,0x00000000f3380000)
  from space 8704K, 0% used [0x00000000f3c00000,0x00000000f3c00000,0x00000000f4480000)
  to   space 8704K, 0% used [0x00000000f3380000,0x00000000f3380000,0x00000000f3c00000)
 ParOldGen       total 36864K, used 12897K [0x00000000c1a00000, 0x00000000c3e00000, 0x00000000eb380000)
  object space 36864K, 34% used [0x00000000c1a00000,0x00000000c26986f0,0x00000000c3e00000)
 Metaspace       used 28439K, capacity 28716K, committed 28928K, reserved 1075200K
  class space    used 3489K, capacity 3579K, committed 3584K, reserved 1048576K
Event: 23.742 GC heap after
Heap after GC invocations=8 (full 1):
 PSYoungGen      total 139776K, used 8694K [0x00000000eb380000, 0x00000000fbd80000, 0x0000000100000000)
  eden space 131072K, 0% used [0x00000000eb380000,0x00000000eb380000,0x00000000f3380000)
  from space 8704K, 99% used [0x00000000f3380000,0x00000000f3bfd900,0x00000000f3c00000)
  to   space 12800K, 0% used [0x00000000fb100000,0x00000000fb100000,0x00000000fbd80000)
 ParOldGen       total 36864K, used 18859K [0x00000000c1a00000, 0x00000000c3e00000, 0x00000000eb380000)
  object space 36864K, 51% used [0x00000000c1a00000,0x00000000c2c6ae00,0x00000000c3e00000)
 Metaspace       used 28439K, capacity 28716K, committed 28928K, reserved 1075200K
  class space    used 3489K, capacity 3579K, committed 3584K, reserved 1048576K
}
Event: 29.972 GC heap before
{Heap before GC invocations=9 (full 1):
 PSYoungGen      total 139776K, used 139766K [0x00000000eb380000, 0x00000000fbd80000, 0x0000000100000000)
  eden space 131072K, 100% used [0x00000000eb380000,0x00000000f3380000,0x00000000f3380000)
  from space 8704K, 99% used [0x00000000f3380000,0x00000000f3bfd900,0x00000000f3c00000)
  to   space 12800K, 0% used [0x00000000fb100000,0x00000000fb100000,0x00000000fbd80000)
 ParOldGen       total 36864K, used 18859K [0x00000000c1a00000, 0x00000000c3e00000, 0x00000000eb380000)
  object space 36864K, 51% used [0x00000000c1a00000,0x00000000c2c6ae00,0x00000000c3e00000)
 Metaspace       used 34392K, capacity 34790K, committed 35072K, reserved 1079296K
  class space    used 4193K, capacity 4330K, committed 4352K, reserved 1048576K
Event: 29.989 GC heap after
Heap after GC invocations=9 (full 1):
 PSYoungGen      total 254976K, used 12776K [0x00000000eb380000, 0x00000000fc200000, 0x0000000100000000)
  eden space 242176K, 0% used [0x00000000eb380000,0x00000000eb380000,0x00000000fa000000)
  from space 12800K, 99% used [0x00000000fb100000,0x00000000fbd7a100,0x00000000fbd80000)
  to   space 17408K, 0% used [0x00000000fa000000,0x00000000fa000000,0x00000000fb100000)
 ParOldGen       total 36864K, used 25225K [0x00000000c1a00000, 0x00000000c3e00000, 0x00000000eb380000)
  object space 36864K, 68% used [0x00000000c1a00000,0x00000000c32a27c8,0x00000000c3e00000)
 Metaspace       used 34392K, capacity 34790K, committed 35072K, reserved 1079296K
  class space    used 4193K, capacity 4330K, committed 4352K, reserved 1048576K
}
Event: 30.068 GC heap before
{Heap before GC invocations=10 (full 1):
 PSYoungGen      total 254976K, used 28980K [0x00000000eb380000, 0x00000000fc200000, 0x0000000100000000)
  eden space 242176K, 6% used [0x00000000eb380000,0x00000000ec3532e0,0x00000000fa000000)
  from space 12800K, 99% used [0x00000000fb100000,0x00000000fbd7a100,0x00000000fbd80000)
  to   space 17408K, 0% used [0x00000000fa000000,0x00000000fa000000,0x00000000fb100000)
 ParOldGen       total 36864K, used 25225K [0x00000000c1a00000, 0x00000000c3e00000, 0x00000000eb380000)
  object space 36864K, 68% used [0x00000000c1a00000,0x00000000c32a27c8,0x00000000c3e00000)
 Metaspace       used 34739K, capacity 35142K, committed 35456K, reserved 1081344K
  class space    used 4239K, capacity 4362K, committed 4480K, reserved 1048576K
Event: 30.087 GC heap after
Heap after GC invocations=10 (full 1):
 PSYoungGen      total 259584K, used 13193K [0x00000000eb380000, 0x0000000100000000, 0x0000000100000000)
  eden space 242176K, 0% used [0x00000000eb380000,0x00000000eb380000,0x00000000fa000000)
  from space 17408K, 75% used [0x00000000fa000000,0x00000000face2540,0x00000000fb100000)
  to   space 18432K, 0% used [0x00000000fee00000,0x00000000fee00000,0x0000000100000000)
 ParOldGen       total 36864K, used 25233K [0x00000000c1a00000, 0x00000000c3e00000, 0x00000000eb380000)
  object space 36864K, 68% used [0x00000000c1a00000,0x00000000c32a47c8,0x00000000c3e00000)
 Metaspace       used 34739K, capacity 35142K, committed 35456K, reserved 1081344K
  class space    used 4239K, capacity 4362K, committed 4480K, reserved 1048576K
}
Event: 30.087 GC heap before
{Heap before GC invocations=11 (full 2):
 PSYoungGen      total 259584K, used 13193K [0x00000000eb380000, 0x0000000100000000, 0x0000000100000000)
  eden space 242176K, 0% used [0x00000000eb380000,0x00000000eb380000,0x00000000fa000000)
  from space 17408K, 75% used [0x00000000fa000000,0x00000000face2540,0x00000000fb100000)
  to   space 18432K, 0% used [0x00000000fee00000,0x00000000fee00000,0x0000000100000000)
 ParOldGen       total 36864K, used 25233K [0x00000000c1a00000, 0x00000000c3e00000, 0x00000000eb380000)
  object space 36864K, 68% used [0x00000000c1a00000,0x00000000c32a47c8,0x00000000c3e00000)
 Metaspace       used 34739K, capacity 35142K, committed 35456K, reserved 1081344K
  class space    used 4239K, capacity 4362K, committed 4480K, reserved 1048576K
Event: 30.195 GC heap after
Heap after GC invocations=11 (full 2):
 PSYoungGen      total 259584K, used 0K [0x00000000eb380000, 0x0000000100000000, 0x0000000100000000)
  eden space 242176K, 0% used [0x00000000eb380000,0x00000000eb380000,0x00000000fa000000)
  from space 17408K, 0% used [0x00000000fa000000,0x00000000fa000000,0x00000000fb100000)
  to   space 18432K, 0% used [0x00000000fee00000,0x00000000fee00000,0x0000000100000000)
 ParOldGen       total 52224K, used 23563K [0x00000000c1a00000, 0x00000000c4d00000, 0x00000000eb380000)
  object space 52224K, 45% used [0x00000000c1a00000,0x00000000c3102f00,0x00000000c4d00000)
 Metaspace       used 34739K, capacity 35142K, committed 35456K, reserved 1081344K
  class space    used 4239K, capacity 4362K, committed 4480K, reserved 1048576K
}

