# JRE version: Java(TM) SE Runtime Environment (8.0_101-b13) (build 1.8.0_101-b13)
# Java VM: Java HotSpot(TM) 64-Bit Server VM (25.101-b13 mixed mode windows-amd64 compressed oops)
Heap:
 PSYoungGen      total 286720K, used 84995K [0x00000000eb380000, 0x00000000fe280000, 0x0000000100000000)
  eden space 275968K, 26% used [0x00000000eb380000,0x00000000efc05a38,0x00000000fc100000)
  from space 10752K, 99% used [0x00000000fd800000,0x00000000fe27b538,0x00000000fe280000)
  to   space 16384K, 0% used [0x00000000fc280000,0x00000000fc280000,0x00000000fd280000)
 ParOldGen       total 58368K, used 24123K [0x00000000c1a00000, 0x00000000c5300000, 0x00000000eb380000)
  object space 58368K, 41% used [0x00000000c1a00000,0x00000000c318ef50,0x00000000c5300000)
 Metaspace       used 42557K, capacity 43058K, committed 43392K, reserved 1087488K
  class space    used 5288K, capacity 5426K, committed 5504K, reserved 1048576K
GC Heap History (10 events):
Event: 10.537 GC heap before
{Heap before GC invocations=10 (full 1):
 PSYoungGen      total 136704K, used 130048K [0x00000000eb380000, 0x00000000f4280000, 0x0000000100000000)
  eden space 130048K, 100% used [0x00000000eb380000,0x00000000f3280000,0x00000000f3280000)
  from space 6656K, 0% used [0x00000000f3a00000,0x00000000f3a00000,0x00000000f4080000)
  to   space 7680K, 0% used [0x00000000f3280000,0x00000000f3280000,0x00000000f3a00000)
 ParOldGen       total 33792K, used 8920K [0x00000000c1a00000, 0x00000000c3b00000, 0x00000000eb380000)
  object space 33792K, 26% used [0x00000000c1a00000,0x00000000c22b6078,0x00000000c3b00000)
 Metaspace       used 28501K, capacity 28862K, committed 28928K, reserved 1075200K
  class space    used 3503K, capacity 3580K, committed 3584K, reserved 1048576K
Event: 10.578 GC heap after
Heap after GC invocations=10 (full 1):
 PSYoungGen      total 137728K, used 7648K [0x00000000eb380000, 0x00000000f8180000, 0x0000000100000000)
  eden space 130048K, 0% used [0x00000000eb380000,0x00000000eb380000,0x00000000f3280000)
  from space 7680K, 99% used [0x00000000f3280000,0x00000000f39f8310,0x00000000f3a00000)
  to   space 11264K, 0% used [0x00000000f7680000,0x00000000f7680000,0x00000000f8180000)
 ParOldGen       total 33792K, used 15723K [0x00000000c1a00000, 0x00000000c3b00000, 0x00000000eb380000)
  object space 33792K, 46% used [0x00000000c1a00000,0x00000000c295ac88,0x00000000c3b00000)
 Metaspace       used 28501K, capacity 28862K, committed 28928K, reserved 1075200K
  class space    used 3503K, capacity 3580K, committed 3584K, reserved 1048576K
}
Event: 18.411 GC heap before
{Heap before GC invocations=11 (full 1):
 PSYoungGen      total 137728K, used 137696K [0x00000000eb380000, 0x00000000f8180000, 0x0000000100000000)
  eden space 130048K, 100% used [0x00000000eb380000,0x00000000f3280000,0x00000000f3280000)
  from space 7680K, 99% used [0x00000000f3280000,0x00000000f39f8310,0x00000000f3a00000)
  to   space 11264K, 0% used [0x00000000f7680000,0x00000000f7680000,0x00000000f8180000)
 ParOldGen       total 33792K, used 15723K [0x00000000c1a00000, 0x00000000c3b00000, 0x00000000eb380000)
  object space 33792K, 46% used [0x00000000c1a00000,0x00000000c295ac88,0x00000000c3b00000)
 Metaspace       used 34480K, capacity 34930K, committed 35072K, reserved 1079296K
  class space    used 4204K, capacity 4330K, committed 4352K, reserved 1048576K
Event: 18.431 GC heap after
Heap after GC invocations=11 (full 1):
 PSYoungGen      total 195584K, used 11244K [0x00000000eb380000, 0x00000000f8580000, 0x0000000100000000)
  eden space 184320K, 0% used [0x00000000eb380000,0x00000000eb380000,0x00000000f6780000)
  from space 11264K, 99% used [0x00000000f7680000,0x00000000f817b340,0x00000000f8180000)
  to   space 15360K, 0% used [0x00000000f6780000,0x00000000f6780000,0x00000000f7680000)
 ParOldGen       total 33792K, used 22258K [0x00000000c1a00000, 0x00000000c3b00000, 0x00000000eb380000)
  object space 33792K, 65% used [0x00000000c1a00000,0x00000000c2fbcac0,0x00000000c3b00000)
 Metaspace       used 34480K, capacity 34930K, committed 35072K, reserved 1079296K
  class space    used 4204K, capacity 4330K, committed 4352K, reserved 1048576K
}
Event: 18.594 GC heap before
{Heap before GC invocations=12 (full 1):
 PSYoungGen      total 195584K, used 29981K [0x00000000eb380000, 0x00000000f8580000, 0x0000000100000000)
  eden space 184320K, 10% used [0x00000000eb380000,0x00000000ec5cc410,0x00000000f6780000)
  from space 11264K, 99% used [0x00000000f7680000,0x00000000f817b340,0x00000000f8180000)
  to   space 15360K, 0% used [0x00000000f6780000,0x00000000f6780000,0x00000000f7680000)
 ParOldGen       total 33792K, used 22258K [0x00000000c1a00000, 0x00000000c3b00000, 0x00000000eb380000)
  object space 33792K, 65% used [0x00000000c1a00000,0x00000000c2fbcac0,0x00000000c3b00000)
 Metaspace       used 34888K, capacity 35268K, committed 35496K, reserved 1081344K
  class space    used 4257K, capacity 4397K, committed 4480K, reserved 1048576K
Event: 18.627 GC heap after
Heap after GC invocations=12 (full 1):
 PSYoungGen      total 199680K, used 977K [0x00000000eb380000, 0x00000000fe700000, 0x0000000100000000)
  eden space 184320K, 0% used [0x00000000eb380000,0x00000000eb380000,0x00000000f6780000)
  from space 15360K, 6% used [0x00000000f6780000,0x00000000f6874460,0x00000000f7680000)
  to   space 15360K, 0% used [0x00000000fd800000,0x00000000fd800000,0x00000000fe700000)
 ParOldGen       total 33792K, used 33386K [0x00000000c1a00000, 0x00000000c3b00000, 0x00000000eb380000)
  object space 33792K, 98% used [0x00000000c1a00000,0x00000000c3a9a930,0x00000000c3b00000)
 Metaspace       used 34888K, capacity 35268K, committed 35496K, reserved 1081344K
  class space    used 4257K, capacity 4397K, committed 4480K, reserved 1048576K
}
Event: 18.627 GC heap before
{Heap before GC invocations=13 (full 2):
 PSYoungGen      total 199680K, used 977K [0x00000000eb380000, 0x00000000fe700000, 0x0000000100000000)
  eden space 184320K, 0% used [0x00000000eb380000,0x00000000eb380000,0x00000000f6780000)
  from space 15360K, 6% used [0x00000000f6780000,0x00000000f6874460,0x00000000f7680000)
  to   space 15360K, 0% used [0x00000000fd800000,0x00000000fd800000,0x00000000fe700000)
 ParOldGen       total 33792K, used 33386K [0x00000000c1a00000, 0x00000000c3b00000, 0x00000000eb380000)
  object space 33792K, 98% used [0x00000000c1a00000,0x00000000c3a9a930,0x00000000c3b00000)
 Metaspace       used 34888K, capacity 35268K, committed 35496K, reserved 1081344K
  class space    used 4257K, capacity 4397K, committed 4480K, reserved 1048576K
Event: 18.738 GC heap after
Heap after GC invocations=13 (full 2):
 PSYoungGen      total 199680K, used 0K [0x00000000eb380000, 0x00000000fe700000, 0x0000000100000000)
  eden space 184320K, 0% used [0x00000000eb380000,0x00000000eb380000,0x00000000f6780000)
  from space 15360K, 0% used [0x00000000f6780000,0x00000000f6780000,0x00000000f7680000)
  to   space 15360K, 0% used [0x00000000fd800000,0x00000000fd800000,0x00000000fe700000)
 ParOldGen       total 58368K, used 24115K [0x00000000c1a00000, 0x00000000c5300000, 0x00000000eb380000)
  object space 58368K, 41% used [0x00000000c1a00000,0x00000000c318cf50,0x00000000c5300000)
 Metaspace       used 34888K, capacity 35268K, committed 35496K, reserved 1081344K
  class space    used 4257K, capacity 4397K, committed 4480K, reserved 1048576K
}
Event: 115.345 GC heap before
{Heap before GC invocations=14 (full 2):
 PSYoungGen      total 199680K, used 184320K [0x00000000eb380000, 0x00000000fe700000, 0x0000000100000000)
  eden space 184320K, 100% used [0x00000000eb380000,0x00000000f6780000,0x00000000f6780000)
  from space 15360K, 0% used [0x00000000f6780000,0x00000000f6780000,0x00000000f7680000)
  to   space 15360K, 0% used [0x00000000fd800000,0x00000000fd800000,0x00000000fe700000)
 ParOldGen       total 58368K, used 24115K [0x00000000c1a00000, 0x00000000c5300000, 0x00000000eb380000)
  object space 58368K, 41% used [0x00000000c1a00000,0x00000000c318cf50,0x00000000c5300000)
 Metaspace       used 42388K, capacity 42900K, committed 43136K, reserved 1087488K
  class space    used 5277K, capacity 5421K, committed 5504K, reserved 1048576K
Event: 115.376 GC heap after
Heap after GC invocations=14 (full 2):
 PSYoungGen      total 286720K, used 10733K [0x00000000eb380000, 0x00000000fe280000, 0x0000000100000000)
  eden space 275968K, 0% used [0x00000000eb380000,0x00000000eb380000,0x00000000fc100000)
  from space 10752K, 99% used [0x00000000fd800000,0x00000000fe27b538,0x00000000fe280000)
  to   space 16384K, 0% used [0x00000000fc280000,0x00000000fc280000,0x00000000fd280000)
 ParOldGen       total 58368K, used 24123K [0x00000000c1a00000, 0x00000000c5300000, 0x00000000eb380000)
  object space 58368K, 41% used [0x00000000c1a00000,0x00000000c318ef50,0x00000000c5300000)
 Metaspace       used 42388K, capacity 42900K, committed 43136K, reserved 1087488K
  class space    used 5277K, capacity 5421K, committed 5504K, reserved 1048576K
}

